{"/Users/sgarciah-local/Documents/git/poc-testing/src/App.tsx": {"path":"/Users/sgarciah-local/Documents/git/poc-testing/src/App.tsx","statementMap":{"0":{"start":{"line":6,"column":2},"end":{"line":10,"column":3}}},"fnMap":{"0":{"name":"App","decl":{"start":{"line":4,"column":9},"end":{"line":4,"column":12}},"loc":{"start":{"line":4,"column":15},"end":{"line":11,"column":1}},"line":4}},"branchMap":{},"s":{"0":1},"f":{"0":1},"b":{},"_coverageSchema":"1a1c01bbd47fc00a2c39e90264f33305004495a9","hash":"fb6c840565a7c21a61d371f36d634785bfa39f0b"}
,"/Users/sgarciah-local/Documents/git/poc-testing/src/components/TitleLabel/TitleLabel.tsx": {"path":"/Users/sgarciah-local/Documents/git/poc-testing/src/components/TitleLabel/TitleLabel.tsx","statementMap":{"0":{"start":{"line":7,"column":26},"end":{"line":14,"column":1}},"1":{"start":{"line":8,"column":2},"end":{"line":13,"column":3}}},"fnMap":{"0":{"name":"(anonymous_0)","decl":{"start":{"line":7,"column":26},"end":{"line":7,"column":27}},"loc":{"start":{"line":7,"column":66},"end":{"line":14,"column":1}},"line":7}},"branchMap":{},"s":{"0":2,"1":2},"f":{"0":2},"b":{},"_coverageSchema":"1a1c01bbd47fc00a2c39e90264f33305004495a9","hash":"f476487d8fb88e062de41fabceab07b2cb8efcfa"}
,"/Users/sgarciah-local/Documents/git/poc-testing/src/pages/MainPage.tsx": {"path":"/Users/sgarciah-local/Documents/git/poc-testing/src/pages/MainPage.tsx","statementMap":{"0":{"start":{"line":3,"column":24},"end":{"line":7,"column":1}},"1":{"start":{"line":4,"column":2},"end":{"line":6,"column":3}}},"fnMap":{"0":{"name":"(anonymous_0)","decl":{"start":{"line":3,"column":24},"end":{"line":3,"column":25}},"loc":{"start":{"line":3,"column":30},"end":{"line":7,"column":1}},"line":3}},"branchMap":{},"s":{"0":1,"1":1},"f":{"0":1},"b":{},"_coverageSchema":"1a1c01bbd47fc00a2c39e90264f33305004495a9","hash":"621316a4390d8f511da54a31dbc0a334af93c56c"}
}
